Build started 2/23/2012 7:05:52 PM.
     1>Project "C:\Users\Josh\Documents\Visual Studio 2010\Projects\CSCD305\Lab 1 VectorPair\Lab 1 VectorPair.vcxproj" on node 3 (rebuild target(s)).
     1>_PrepareForClean:
         Deleting file "Debug\Lab 1 VectorPair.lastbuildstate".
       InitializeBuildStatus:
         Touching "Debug\Lab 1 VectorPair.unsuccessfulbuild".
       ClCompile:
         C:\Program Files (x86)\Microsoft Visual Studio 10.0\VC\bin\CL.exe /c /ZI /nologo /W3 /WX- /Od /Oy- /D _MBCS /Gm /EHsc /RTC1 /MDd /GS /fp:precise /Zc:wchar_t /Zc:forScope /Fo"Debug\\" /Fd"Debug\vc100.pdb" /Gd /TP /analyze- /errorReport:prompt lab1.cpp threen.cpp
         threen.cpp
         lab1.cpp
         Generating Code...
       Link:
         C:\Program Files (x86)\Microsoft Visual Studio 10.0\VC\bin\link.exe /ERRORREPORT:PROMPT /OUT:"C:\Users\Josh\Documents\Visual Studio 2010\Projects\CSCD305\Debug\Lab 1 VectorPair.exe" /NOLOGO kernel32.lib user32.lib gdi32.lib winspool.lib comdlg32.lib advapi32.lib shell32.lib ole32.lib oleaut32.lib uuid.lib odbc32.lib odbccp32.lib /MANIFEST /ManifestFile:"Debug\Lab 1 VectorPair.exe.intermediate.manifest" /MANIFESTUAC:"level='asInvoker' uiAccess='false'" /DEBUG /PDB:"C:\Users\Josh\Documents\Visual Studio 2010\Projects\CSCD305\Debug\Lab 1 VectorPair.pdb" /TLBID:1 /DYNAMICBASE /NXCOMPAT /IMPLIB:"C:\Users\Josh\Documents\Visual Studio 2010\Projects\CSCD305\Debug\Lab 1 VectorPair.lib" /MACHINE:X86 Debug\lab1.obj
         Debug\threen.obj
         Lab 1 VectorPair.vcxproj -> C:\Users\Josh\Documents\Visual Studio 2010\Projects\CSCD305\Debug\Lab 1 VectorPair.exe
       Manifest:
         C:\Program Files (x86)\Microsoft SDKs\Windows\v7.0A\bin\mt.exe /nologo /verbose /outputresource:"C:\Users\Josh\Documents\Visual Studio 2010\Projects\CSCD305\Debug\Lab 1 VectorPair.exe;#1" /manifest "Debug\Lab 1 VectorPair.exe.intermediate.manifest"
       FinalizeBuildStatus:
         Deleting file "Debug\Lab 1 VectorPair.unsuccessfulbuild".
         Touching "Debug\Lab 1 VectorPair.lastbuildstate".
     1>Done Building Project "C:\Users\Josh\Documents\Visual Studio 2010\Projects\CSCD305\Lab 1 VectorPair\Lab 1 VectorPair.vcxproj" (rebuild target(s)).

Build succeeded.

Time Elapsed 00:00:04.49
