Build started 2/18/2012 11:10:35 PM.
     1>Project "C:\Users\Josh\Documents\Visual Studio 2010\Projects\CSCD305\Assignment 2\Assignment 2.vcxproj" on node 2 (build target(s)).
     1>InitializeBuildStatus:
         Creating "Debug\Assignment 2.unsuccessfulbuild" because "AlwaysCreate" was specified.
       ClCompile:
         C:\Program Files (x86)\Microsoft Visual Studio 10.0\VC\bin\CL.exe /c /ZI /nologo /W3 /WX- /Od /Oy- /D _MBCS /Gm /EHsc /RTC1 /MDd /GS /fp:precise /Zc:wchar_t /Zc:forScope /Fo"Debug\\" /Fd"Debug\vc100.pdb" /Gd /TP /analyze- /errorReport:prompt CPops.cpp
         CPops.cpp
       Link:
         C:\Program Files (x86)\Microsoft Visual Studio 10.0\VC\bin\link.exe /ERRORREPORT:PROMPT /OUT:"C:\Users\Josh\Documents\Visual Studio 2010\Projects\CSCD305\Debug\Assignment 2.exe" /NOLOGO kernel32.lib user32.lib gdi32.lib winspool.lib comdlg32.lib advapi32.lib shell32.lib ole32.lib oleaut32.lib uuid.lib odbc32.lib odbccp32.lib /MANIFEST /ManifestFile:"Debug\Assignment 2.exe.intermediate.manifest" /MANIFESTUAC:"level='asInvoker' uiAccess='false'" /DEBUG /PDB:"C:\Users\Josh\Documents\Visual Studio 2010\Projects\CSCD305\Debug\Assignment 2.pdb" /TLBID:1 /DYNAMICBASE /NXCOMPAT /IMPLIB:"C:\Users\Josh\Documents\Visual Studio 2010\Projects\CSCD305\Debug\Assignment 2.lib" /MACHINE:X86 Debug\CClassical.obj
         Debug\CEnsemble.obj
         Debug\CPops.obj
         Debug\CRecital.obj
         Debug\CTicket.obj
         Debug\Date1.obj
         Debug\hw2tester.obj
         Debug\Time3.obj
         LINK : C:\Users\Josh\Documents\Visual Studio 2010\Projects\CSCD305\Debug\Assignment 2.exe not found or not built by the last incremental link; performing full link
         Assignment 2.vcxproj -> C:\Users\Josh\Documents\Visual Studio 2010\Projects\CSCD305\Debug\Assignment 2.exe
       Manifest:
         C:\Program Files (x86)\Microsoft SDKs\Windows\v7.0A\bin\mt.exe /nologo /verbose /outputresource:"C:\Users\Josh\Documents\Visual Studio 2010\Projects\CSCD305\Debug\Assignment 2.exe;#1" /manifest "Debug\Assignment 2.exe.intermediate.manifest"
       FinalizeBuildStatus:
         Deleting file "Debug\Assignment 2.unsuccessfulbuild".
         Touching "Debug\Assignment 2.lastbuildstate".
     1>Done Building Project "C:\Users\Josh\Documents\Visual Studio 2010\Projects\CSCD305\Assignment 2\Assignment 2.vcxproj" (build target(s)).

Build succeeded.

Time Elapsed 00:00:01.22
