Build started 2/29/2012 8:56:12 PM.
     1>Project "C:\Users\Josh\Documents\Visual Studio 2010\Projects\CSCD305\Lab 4\Lab 4.vcxproj" on node 3 (rebuild target(s)).
     1>InitializeBuildStatus:
         Creating "Debug\Lab 4.unsuccessfulbuild" because "AlwaysCreate" was specified.
       ClCompile:
         C:\Program Files (x86)\Microsoft Visual Studio 10.0\VC\bin\CL.exe /c /ZI /nologo /W3 /WX- /Od /Oy- /D _MBCS /Gm /EHsc /RTC1 /MDd /GS /fp:precise /Zc:wchar_t /Zc:forScope /Fo"Debug\\" /Fd"Debug\vc100.pdb" /Gd /TP /analyze- /errorReport:prompt Grad.cpp InheritanceTester.cpp Student.cpp
         Student.cpp
         InheritanceTester.cpp
         Grad.cpp
         Generating Code...
       Link:
         C:\Program Files (x86)\Microsoft Visual Studio 10.0\VC\bin\link.exe /ERRORREPORT:PROMPT /OUT:"C:\Users\Josh\Documents\Visual Studio 2010\Projects\CSCD305\Debug\Lab 4.exe" /NOLOGO kernel32.lib user32.lib gdi32.lib winspool.lib comdlg32.lib advapi32.lib shell32.lib ole32.lib oleaut32.lib uuid.lib odbc32.lib odbccp32.lib /MANIFEST /ManifestFile:"Debug\Lab 4.exe.intermediate.manifest" /MANIFESTUAC:"level='asInvoker' uiAccess='false'" /DEBUG /PDB:"C:\Users\Josh\Documents\Visual Studio 2010\Projects\CSCD305\Debug\Lab 4.pdb" /TLBID:1 /DYNAMICBASE /NXCOMPAT /IMPLIB:"C:\Users\Josh\Documents\Visual Studio 2010\Projects\CSCD305\Debug\Lab 4.lib" /MACHINE:X86 Debug\Grad.obj
         Debug\InheritanceTester.obj
         Debug\Student.obj
         Lab 4.vcxproj -> C:\Users\Josh\Documents\Visual Studio 2010\Projects\CSCD305\Debug\Lab 4.exe
       Manifest:
         C:\Program Files (x86)\Microsoft SDKs\Windows\v7.0A\bin\mt.exe /nologo /verbose /outputresource:"C:\Users\Josh\Documents\Visual Studio 2010\Projects\CSCD305\Debug\Lab 4.exe;#1" /manifest "Debug\Lab 4.exe.intermediate.manifest"
       FinalizeBuildStatus:
         Deleting file "Debug\Lab 4.unsuccessfulbuild".
         Touching "Debug\Lab 4.lastbuildstate".
     1>Done Building Project "C:\Users\Josh\Documents\Visual Studio 2010\Projects\CSCD305\Lab 4\Lab 4.vcxproj" (rebuild target(s)).

Build succeeded.

Time Elapsed 00:00:03.85
