Build started 2/23/2012 7:05:50 PM.
     1>Project "C:\Users\Josh\Documents\Visual Studio 2010\Projects\CSCD305\Lab 2A\Lab 2A.vcxproj" on node 2 (rebuild target(s)).
     1>_PrepareForClean:
         Deleting file "Debug\Lab 2A.lastbuildstate".
       InitializeBuildStatus:
         Touching "Debug\Lab 2A.unsuccessfulbuild".
       ClCompile:
         C:\Program Files (x86)\Microsoft Visual Studio 10.0\VC\bin\CL.exe /c /ZI /nologo /W3 /WX- /Od /Oy- /D _MBCS /Gm /EHsc /RTC1 /MDd /GS /fp:precise /Zc:wchar_t /Zc:forScope /Fo"Debug\\" /Fd"Debug\vc100.pdb" /Gd /TP /analyze- /errorReport:prompt lab2a.cpp lab2a_implement.cpp
         lab2a_implement.cpp
     1>c:\users\josh\documents\visual studio 2010\projects\cscd305\lab 2a\lab2a_implement.cpp(9): warning C4067: unexpected tokens following preprocessor directive - expected a newline
     1>c:\users\josh\documents\visual studio 2010\projects\cscd305\lab 2a\lab2a.h(11): warning C4067: unexpected tokens following preprocessor directive - expected a newline
     1>c:\users\josh\documents\visual studio 2010\projects\cscd305\lab 2a\lab2a.h(12): warning C4067: unexpected tokens following preprocessor directive - expected a newline
     1>c:\users\josh\documents\visual studio 2010\projects\cscd305\lab 2a\lab2a.h(13): warning C4067: unexpected tokens following preprocessor directive - expected a newline
     1>c:\users\josh\documents\visual studio 2010\projects\cscd305\lab 2a\lab2a.h(14): warning C4067: unexpected tokens following preprocessor directive - expected a newline
     1>c:\users\josh\documents\visual studio 2010\projects\cscd305\lab 2a\lab2a.h(15): warning C4067: unexpected tokens following preprocessor directive - expected a newline
         lab2a.cpp
     1>c:\users\josh\documents\visual studio 2010\projects\cscd305\lab 2a\lab2a.cpp(10): warning C4067: unexpected tokens following preprocessor directive - expected a newline
     1>c:\users\josh\documents\visual studio 2010\projects\cscd305\lab 2a\lab2a.h(11): warning C4067: unexpected tokens following preprocessor directive - expected a newline
     1>c:\users\josh\documents\visual studio 2010\projects\cscd305\lab 2a\lab2a.h(12): warning C4067: unexpected tokens following preprocessor directive - expected a newline
     1>c:\users\josh\documents\visual studio 2010\projects\cscd305\lab 2a\lab2a.h(13): warning C4067: unexpected tokens following preprocessor directive - expected a newline
     1>c:\users\josh\documents\visual studio 2010\projects\cscd305\lab 2a\lab2a.h(14): warning C4067: unexpected tokens following preprocessor directive - expected a newline
     1>c:\users\josh\documents\visual studio 2010\projects\cscd305\lab 2a\lab2a.h(15): warning C4067: unexpected tokens following preprocessor directive - expected a newline
         Generating Code...
       Link:
         C:\Program Files (x86)\Microsoft Visual Studio 10.0\VC\bin\link.exe /ERRORREPORT:PROMPT /OUT:"C:\Users\Josh\Documents\Visual Studio 2010\Projects\CSCD305\Debug\Lab 2A.exe" /NOLOGO kernel32.lib user32.lib gdi32.lib winspool.lib comdlg32.lib advapi32.lib shell32.lib ole32.lib oleaut32.lib uuid.lib odbc32.lib odbccp32.lib /MANIFEST /ManifestFile:"Debug\Lab 2A.exe.intermediate.manifest" /MANIFESTUAC:"level='asInvoker' uiAccess='false'" /DEBUG /PDB:"C:\Users\Josh\Documents\Visual Studio 2010\Projects\CSCD305\Debug\Lab 2A.pdb" /TLBID:1 /DYNAMICBASE /NXCOMPAT /IMPLIB:"C:\Users\Josh\Documents\Visual Studio 2010\Projects\CSCD305\Debug\Lab 2A.lib" /MACHINE:X86 Debug\lab2a.obj
         Debug\lab2a_implement.obj
         Lab 2A.vcxproj -> C:\Users\Josh\Documents\Visual Studio 2010\Projects\CSCD305\Debug\Lab 2A.exe
       Manifest:
         C:\Program Files (x86)\Microsoft SDKs\Windows\v7.0A\bin\mt.exe /nologo /verbose /outputresource:"C:\Users\Josh\Documents\Visual Studio 2010\Projects\CSCD305\Debug\Lab 2A.exe;#1" /manifest "Debug\Lab 2A.exe.intermediate.manifest"
       FinalizeBuildStatus:
         Deleting file "Debug\Lab 2A.unsuccessfulbuild".
         Touching "Debug\Lab 2A.lastbuildstate".
     1>Done Building Project "C:\Users\Josh\Documents\Visual Studio 2010\Projects\CSCD305\Lab 2A\Lab 2A.vcxproj" (rebuild target(s)).

Build succeeded.

Time Elapsed 00:00:06.61
