C:\USERS\JOSH\DOCUMENTS\VISUAL STUDIO 2010\PROJECTS\CSCD305\ASSIGNMENT 3\DEBUG\ASSIGNMENT 3.EXE.INTERMEDIATE.MANIFEST
C:\Users\Josh\Documents\Visual Studio 2010\Projects\CSCD305\Assignment 3\Debug\cl.command.1.tlog
C:\Users\Josh\Documents\Visual Studio 2010\Projects\CSCD305\Assignment 3\Debug\CL.read.1.tlog
C:\Users\Josh\Documents\Visual Studio 2010\Projects\CSCD305\Assignment 3\Debug\CL.write.1.tlog
C:\USERS\JOSH\DOCUMENTS\VISUAL STUDIO 2010\PROJECTS\CSCD305\ASSIGNMENT 3\DEBUG\CUSTOMER.OBJ
C:\USERS\JOSH\DOCUMENTS\VISUAL STUDIO 2010\PROJECTS\CSCD305\ASSIGNMENT 3\DEBUG\FILEUTIL.OBJ
C:\Users\Josh\Documents\Visual Studio 2010\Projects\CSCD305\Assignment 3\Debug\link.command.1.tlog
C:\Users\Josh\Documents\Visual Studio 2010\Projects\CSCD305\Assignment 3\Debug\link.read.1.tlog
C:\Users\Josh\Documents\Visual Studio 2010\Projects\CSCD305\Assignment 3\Debug\link.write.1.tlog
C:\USERS\JOSH\DOCUMENTS\VISUAL STUDIO 2010\PROJECTS\CSCD305\ASSIGNMENT 3\DEBUG\LINKEDLIST.OBJ
C:\USERS\JOSH\DOCUMENTS\VISUAL STUDIO 2010\PROJECTS\CSCD305\ASSIGNMENT 3\DEBUG\MAIN.OBJ
C:\Users\Josh\Documents\Visual Studio 2010\Projects\CSCD305\Assignment 3\Debug\mt.command.1.tlog
C:\Users\Josh\Documents\Visual Studio 2010\Projects\CSCD305\Assignment 3\Debug\mt.read.1.tlog
C:\Users\Josh\Documents\Visual Studio 2010\Projects\CSCD305\Assignment 3\Debug\mt.write.1.tlog
C:\USERS\JOSH\DOCUMENTS\VISUAL STUDIO 2010\PROJECTS\CSCD305\ASSIGNMENT 3\DEBUG\NODE.OBJ
C:\USERS\JOSH\DOCUMENTS\VISUAL STUDIO 2010\PROJECTS\CSCD305\ASSIGNMENT 3\DEBUG\ORDER.OBJ
C:\Users\Josh\Documents\Visual Studio 2010\Projects\CSCD305\Assignment 3\Debug\vc100.idb
C:\USERS\JOSH\DOCUMENTS\VISUAL STUDIO 2010\PROJECTS\CSCD305\ASSIGNMENT 3\DEBUG\VC100.PDB
C:\USERS\JOSH\DOCUMENTS\VISUAL STUDIO 2010\PROJECTS\CSCD305\DEBUG\ASSIGNMENT 3.EXE
C:\USERS\JOSH\DOCUMENTS\VISUAL STUDIO 2010\PROJECTS\CSCD305\DEBUG\ASSIGNMENT 3.ILK
C:\USERS\JOSH\DOCUMENTS\VISUAL STUDIO 2010\PROJECTS\CSCD305\DEBUG\ASSIGNMENT 3.PDB
